bind: Address already in use

socket id=3

socket id=3
Bind success!
Listen...
Received a message:status
reatart socket
bind: Address already in use

socket id=3
bind: Address already in use

socket id=3
bind: Address already in use

socket id=3
Killed
Killed
Killed
Killed

socket id=3
Bind success!
Listen...
Received a message:status
reatart socket
execute result is 35072

socket id=3
Bind success!
Listen...
Received a message:status
reatart socket
execute result is 35072
Killed
Killed
Killed
Killed
Killed
Killed
Killed
Killed

socket id=3
Bind success!
Listen...
Received a message:status
reatart socket
execute result is 35072

socket id=3
Bind success!
Listen...
Received a message:status
reatart socket
execute result is 35072

socket id=3
Bind success!
Listen...
Received a message:status
reatart socket
execute result is 35072

socket id=3
Bind success!
Listen...
Received a message:status
reatart socket
execute result is 35072

socket id=3
Bind success!
Listen...
Received a message:status
reatart socket
execute result is 35072
Killed

socket id=3
Bind success!
Listen...
Received a message:status
reatart socket
execute result is 35072

socket id=3
Bind success!
Listen...
Received a message:status
reatart socket
execute result is 35072
Killed

socket id=3
Bind success!
Listen...
Received a message:status
reatart socket
execute result is 35072

socket id=3
Bind success!
Listen...
Received a message:status
reatart socket
execute result is 35072
Killed
Killed

socket id=3
Bind success!
Listen...
Received a message:status
reatart socket
execute result is 35072

socket id=3
Bind success!
Listen...
Received a message:status
reatart socket
execute result is 35072
Killed
Killed

socket id=3
Bind success!
Listen...
Received a message:status
reatart socket
execute result is 35072

socket id=3
Bind success!
Listen...
Received a message:status
reatart socket
execute result is 35072

socket id=3
Bind success!
Listen...
Received a message:status
reatart socket
execute result is 35072
Killed
Killed

socket id=3
Bind success!
Listen...
Received a message:status
reatart socket
execute result is 35072
Killed
Killed

socket id=3
Bind success!
Listen...
Received a message:status
reatart socket
execute result is 35072

socket id=3
Bind success!
Listen...
Received a message:status
reatart socket
execute result is 35072

socket id=3
Bind success!
Listen...
Received a message:status
reatart socket
execute result is 35072

socket id=3
Bind success!
Listen...
Received a message:status
reatart socket
execute result is 35072

socket id=3
Bind success!
Listen...
Received a message:status
reatart socket
execute result is 35072
Terminated
Terminated
Terminated
Killed

socket id=3
Bind success!
Listen...
Received a message:status
reatart socket
execute result is 35072
Terminated
